<?xml version="1.0" encoding="UTF-8"?>
<testng-results skipped="0" failed="0" ignored="0" total="1" passed="1">
  <reporter-output>
    <line>
      <![CDATA[Test started Running:testCase1]]>
    </line>
    <line>
      <![CDATA[Starting the Test testCase1]]>
    </line>
    <line>
      <![CDATA[Opened the -- CHROME Browser]]>
    </line>
    <line>
      <![CDATA[Enter the URl with --  https://www.amazon.in]]>
    </line>
    <line>
      <![CDATA[Entered the product by using Locator -- twotabsearchtextbox]]>
    </line>
    <line>
      <![CDATA[Clicked on  Amazon Search Buton by using Locator -- //*[@id="nav-search"]/form/div[2]/div/input]]>
    </line>
    <line>
      <![CDATA[testCase1 is Passed]]>
    </line>
    <line>
      <![CDATA[<a href='D:\selenium workspace\DemoProject//success//Wed_Mar_20_08_13_29_IST_2019.png'> <img src='D:\selenium workspace\DemoProject//success//Wed_Mar_20_08_13_29_IST_2019.png' height='100' width='100'/> </a>]]>
    </line>
  </reporter-output>
  <suite name="Suite" duration-ms="19646" started-at="2019-03-20T02:43:30Z" finished-at="2019-03-20T02:43:50Z">
    <groups>
    </groups>
    <test name="Test" duration-ms="19646" started-at="2019-03-20T02:43:30Z" finished-at="2019-03-20T02:43:50Z">
      <class name="com.project.DemoProject.TC_002">
        <test-method status="PASS" signature="testCase1()[pri:0, instance:com.project.DemoProject.TC_002@63753b6d]" name="testCase1" duration-ms="17343" started-at="2019-03-20T02:43:30Z" finished-at="2019-03-20T02:43:47Z">
          <reporter-output>
            <line>
              <![CDATA[Test started Running:testCase1]]>
            </line>
            <line>
              <![CDATA[Starting the Test testCase1]]>
            </line>
            <line>
              <![CDATA[Opened the -- CHROME Browser]]>
            </line>
            <line>
              <![CDATA[Enter the URl with --  https://www.amazon.in]]>
            </line>
            <line>
              <![CDATA[Entered the product by using Locator -- twotabsearchtextbox]]>
            </line>
            <line>
              <![CDATA[Clicked on  Amazon Search Buton by using Locator -- //*[@id="nav-search"]/form/div[2]/div/input]]>
            </line>
            <line>
              <![CDATA[testCase1 is Passed]]>
            </line>
            <line>
              <![CDATA[<a href='D:\selenium workspace\DemoProject//success//Wed_Mar_20_08_13_29_IST_2019.png'> <img src='D:\selenium workspace\DemoProject//success//Wed_Mar_20_08_13_29_IST_2019.png' height='100' width='100'/> </a>]]>
            </line>
          </reporter-output>
        </test-method> <!-- testCase1 -->
        <test-method status="PASS" signature="quit()[pri:0, instance:com.project.DemoProject.TC_002@63753b6d]" name="quit" is-config="true" duration-ms="1321" started-at="2019-03-20T02:43:48Z" finished-at="2019-03-20T02:43:50Z">
          <reporter-output>
          </reporter-output>
        </test-method> <!-- quit -->
      </class> <!-- com.project.DemoProject.TC_002 -->
    </test> <!-- Test -->
  </suite> <!-- Suite -->
</testng-results>
